Command line:
   MAC4_tb_isim_beh.exe
     -simmode  gui
     -simrunnum  0
     -socket  50634

Thu Feb 11 15:55:26 2016


 Elaboration Time: 0.03125 sec

 Current Memory Usage: 361.501 Meg

 Total Signals          : 226
 Total Nets             : 92
 Total Signal Drivers   : 88
 Total Blocks           : 41
 Total Primitive Blocks : 25
 Total Processes        : 88
 Total Traceable Variables  : 8
 Total Scalar Nets and Variables : 452
Total Line Count : 96

 Total Simulation Time: 0.09375 sec

 Current Memory Usage: 361.501 Meg

Thu Feb 11 16:01:22 2016

