Command line:
   HA_tb_isim_beh.exe
     -simmode  gui
     -simrunnum  0
     -socket  51081

Tue Feb 09 15:22:34 2016


 Elaboration Time: 0.03125 sec

 Current Memory Usage: 361.456 Meg

 Total Signals          : 8
 Total Nets             : 4
 Total Signal Drivers   : 4
 Total Blocks           : 3
 Total Primitive Blocks : 2
 Total Processes        : 3
 Total Traceable Variables  : 8
 Total Scalar Nets and Variables : 364
Total Line Count : 26

 Total Simulation Time: 0.046875 sec

 Current Memory Usage: 361.456 Meg

Tue Feb 09 15:22:45 2016

