Command line:
   FA_tb_isim_beh.exe
     -simmode  gui
     -simrunnum  0
     -socket  49357

Tue Feb 09 23:02:08 2016


 Elaboration Time: 0.046875 sec

 Current Memory Usage: 361.48 Meg

 Total Signals          : 21
 Total Nets             : 8
 Total Signal Drivers   : 8
 Total Blocks           : 5
 Total Primitive Blocks : 3
 Total Processes        : 7
 Total Traceable Variables  : 8
 Total Scalar Nets and Variables : 368
Total Line Count : 31

 Total Simulation Time: 0.5 sec

 Current Memory Usage: 361.48 Meg

Tue Feb 09 23:04:10 2016

