Command line:
   PIPO4_tb_isim_beh.exe
     -simmode  gui
     -simrunnum  0
     -socket  50895

Thu Feb 18 20:41:13 2016


 Elaboration Time: 0.046875 sec

 Current Memory Usage: 361.505 Meg

 Total Signals          : 34
 Total Nets             : 15
 Total Signal Drivers   : 13
 Total Blocks           : 7
 Total Primitive Blocks : 5
 Total Processes        : 9
 Total Traceable Variables  : 8
 Total Scalar Nets and Variables : 375
Total Line Count : 30

 Total Simulation Time: 1.125 sec

 Current Memory Usage: 361.505 Meg

Thu Feb 18 20:41:19 2016

